Build started 5/25/2016 11:28:53 PM.
     1>Project "E:\Object Oriented Programming\Templates\Templates\Templates.vcxproj" on node 2 (build target(s)).
     1>InitializeBuildStatus:
         Creating "Debug\Templates.unsuccessfulbuild" because "AlwaysCreate" was specified.
       ClCompile:
         c:\Program Files (x86)\Microsoft Visual Studio 10.0\VC\bin\CL.exe /c /ZI /nologo /W3 /WX- /Od /Oy- /D WIN32 /D _DEBUG /D _CONSOLE /D _UNICODE /D UNICODE /Gm /EHsc /RTC1 /MDd /GS /fp:precise /Zc:wchar_t /Zc:forScope /Fo"Debug\\" /Fd"Debug\vc100.pdb" /Gd /TP /analyze- /errorReport:prompt Source.cpp main.cpp
         Source.cpp
         Generating Code...
         Skipping... (no relevant changes detected)
         main.cpp
       ManifestResourceCompile:
         All outputs are up-to-date.
       Link:
         c:\Program Files (x86)\Microsoft Visual Studio 10.0\VC\bin\link.exe /ERRORREPORT:PROMPT /OUT:"E:\Object Oriented Programming\Templates\Debug\Templates.exe" /INCREMENTAL /NOLOGO kernel32.lib user32.lib gdi32.lib winspool.lib comdlg32.lib advapi32.lib shell32.lib ole32.lib oleaut32.lib uuid.lib odbc32.lib odbccp32.lib /MANIFEST /ManifestFile:"Debug\Templates.exe.intermediate.manifest" /MANIFESTUAC:"level='asInvoker' uiAccess='false'" /DEBUG /PDB:"E:\Object Oriented Programming\Templates\Debug\Templates.pdb" /SUBSYSTEM:CONSOLE /TLBID:1 /DYNAMICBASE /NXCOMPAT /IMPLIB:"E:\Object Oriented Programming\Templates\Debug\Templates.lib" /MACHINE:X86 Debug\Templates.exe.embed.manifest.res
         Debug\main.obj
         Debug\Source.obj
       Manifest:
         c:\Program Files (x86)\Microsoft SDKs\Windows\v7.0A\bin\mt.exe /nologo /verbose /out:"Debug\Templates.exe.embed.manifest" /manifest Debug\Templates.exe.intermediate.manifest
         All outputs are up-to-date.
       LinkEmbedManifest:
         All outputs are up-to-date.
         Templates.vcxproj -> E:\Object Oriented Programming\Templates\Debug\Templates.exe
       FinalizeBuildStatus:
         Deleting file "Debug\Templates.unsuccessfulbuild".
         Touching "Debug\Templates.lastbuildstate".
     1>Done Building Project "E:\Object Oriented Programming\Templates\Templates\Templates.vcxproj" (build target(s)).

Build succeeded.

Time Elapsed 00:00:01.39
